<?xml version="1.0" encoding="UTF-8" ?>
<testsuite failures="0" time="1.436" errors="0" skipped="0" tests="1" name="com.kamakura.datalogger.i18n.MessageResourceUtilTest">
  <properties>
    <property name="java.runtime.name" value="Java(TM) SE Runtime Environment"/>
    <property name="sun.boot.library.path" value="/usr/lib/jvm/java-6-sun-1.6.0.20/jre/lib/i386"/>
    <property name="java.vm.version" value="16.3-b01"/>
    <property name="java.vm.vendor" value="Sun Microsystems Inc."/>
    <property name="java.vendor.url" value="http://java.sun.com/"/>
    <property name="path.separator" value=":"/>
    <property name="java.vm.name" value="Java HotSpot(TM) Server VM"/>
    <property name="file.encoding.pkg" value="sun.io"/>
    <property name="user.country" value="US"/>
    <property name="sun.java.launcher" value="SUN_STANDARD"/>
    <property name="sun.os.patch.level" value="unknown"/>
    <property name="java.vm.specification.name" value="Java Virtual Machine Specification"/>
    <property name="user.dir" value="/home/daniel/workspace/datalogger"/>
    <property name="java.runtime.version" value="1.6.0_20-b02"/>
    <property name="java.awt.graphicsenv" value="sun.awt.X11GraphicsEnvironment"/>
    <property name="basedir" value="/home/daniel/workspace/datalogger"/>
    <property name="java.endorsed.dirs" value="/usr/lib/jvm/java-6-sun-1.6.0.20/jre/lib/endorsed"/>
    <property name="os.arch" value="i386"/>
    <property name="surefire.real.class.path" value="/tmp/surefirebooter1832106268840041008.jar"/>
    <property name="java.io.tmpdir" value="/tmp"/>
    <property name="line.separator" value="
"/>
    <property name="java.vm.specification.vendor" value="Sun Microsystems Inc."/>
    <property name="os.name" value="Linux"/>
    <property name="sun.jnu.encoding" value="UTF-8"/>
    <property name="java.library.path" value="/home/daniel/workspace/datalogger/target/native"/>
    <property name="surefire.test.class.path" value="/home/daniel/workspace/datalogger/target/test-classes:/home/daniel/workspace/datalogger/target/classes:/home/daniel/.m2/repository/com/kamakura/communication/1.0/communication-1.0.jar:/home/daniel/.m2/repository/org/springframework/spring-context/3.0.2.RELEASE/spring-context-3.0.2.RELEASE.jar:/home/daniel/.m2/repository/org/springframework/spring-aop/3.0.2.RELEASE/spring-aop-3.0.2.RELEASE.jar:/home/daniel/.m2/repository/aopalliance/aopalliance/1.0/aopalliance-1.0.jar:/home/daniel/.m2/repository/org/springframework/spring-asm/3.0.2.RELEASE/spring-asm-3.0.2.RELEASE.jar:/home/daniel/.m2/repository/org/springframework/spring-beans/3.0.2.RELEASE/spring-beans-3.0.2.RELEASE.jar:/home/daniel/.m2/repository/org/springframework/spring-core/3.0.2.RELEASE/spring-core-3.0.2.RELEASE.jar:/home/daniel/.m2/repository/commons-logging/commons-logging/1.1.1/commons-logging-1.1.1.jar:/home/daniel/.m2/repository/org/springframework/spring-expression/3.0.2.RELEASE/spring-expression-3.0.2.RELEASE.jar:/home/daniel/.m2/repository/org/springframework/spring-context/3.0.2.RELEASE/spring-context-3.0.2.RELEASE-sources.jar:/home/daniel/.m2/repository/log4j/log4j/1.2.9/log4j-1.2.9.jar:/home/daniel/.m2/repository/commons-beanutils/commons-beanutils-bean-collections/1.8.3/commons-beanutils-bean-collections-1.8.3.jar:/home/daniel/.m2/repository/commons-beanutils/commons-beanutils/1.8.3/commons-beanutils-1.8.3.jar:/home/daniel/.m2/repository/org/aspectj/aspectjrt/1.6.8/aspectjrt-1.6.8.jar:/home/daniel/.m2/repository/org/aspectj/aspectjweaver/1.6.8/aspectjweaver-1.6.8.jar:/home/daniel/.m2/repository/org/rxtx/rxtx/2.1.7/rxtx-2.1.7.jar:/home/daniel/.m2/repository/org/rxtx/rxtx-native/2.1.7/rxtx-native-2.1.7-linux.jar:/home/daniel/.m2/repository/org/rxtx/rxtx-native/2.1.7/rxtx-native-2.1.7-windows.jar:/home/daniel/.m2/repository/org/springframework/spring-test/3.0.2.RELEASE/spring-test-3.0.2.RELEASE.jar:/home/daniel/.m2/repository/junit/junit/4.8.1/junit-4.8.1.jar:"/>
    <property name="java.specification.name" value="Java Platform API Specification"/>
    <property name="java.class.version" value="50.0"/>
    <property name="sun.management.compiler" value="HotSpot Tiered Compilers"/>
    <property name="os.version" value="2.6.31-20-generic"/>
    <property name="user.home" value="/home/daniel"/>
    <property name="user.timezone" value="America/Sao_Paulo"/>
    <property name="java.awt.printerjob" value="sun.print.PSPrinterJob"/>
    <property name="file.encoding" value="UTF-8"/>
    <property name="java.specification.version" value="1.6"/>
    <property name="user.name" value="daniel"/>
    <property name="java.class.path" value="/home/daniel/workspace/datalogger/target/test-classes:/home/daniel/workspace/datalogger/target/classes:/home/daniel/.m2/repository/com/kamakura/communication/1.0/communication-1.0.jar:/home/daniel/.m2/repository/org/springframework/spring-context/3.0.2.RELEASE/spring-context-3.0.2.RELEASE.jar:/home/daniel/.m2/repository/org/springframework/spring-aop/3.0.2.RELEASE/spring-aop-3.0.2.RELEASE.jar:/home/daniel/.m2/repository/aopalliance/aopalliance/1.0/aopalliance-1.0.jar:/home/daniel/.m2/repository/org/springframework/spring-asm/3.0.2.RELEASE/spring-asm-3.0.2.RELEASE.jar:/home/daniel/.m2/repository/org/springframework/spring-beans/3.0.2.RELEASE/spring-beans-3.0.2.RELEASE.jar:/home/daniel/.m2/repository/org/springframework/spring-core/3.0.2.RELEASE/spring-core-3.0.2.RELEASE.jar:/home/daniel/.m2/repository/commons-logging/commons-logging/1.1.1/commons-logging-1.1.1.jar:/home/daniel/.m2/repository/org/springframework/spring-expression/3.0.2.RELEASE/spring-expression-3.0.2.RELEASE.jar:/home/daniel/.m2/repository/org/springframework/spring-context/3.0.2.RELEASE/spring-context-3.0.2.RELEASE-sources.jar:/home/daniel/.m2/repository/log4j/log4j/1.2.9/log4j-1.2.9.jar:/home/daniel/.m2/repository/commons-beanutils/commons-beanutils-bean-collections/1.8.3/commons-beanutils-bean-collections-1.8.3.jar:/home/daniel/.m2/repository/commons-beanutils/commons-beanutils/1.8.3/commons-beanutils-1.8.3.jar:/home/daniel/.m2/repository/org/aspectj/aspectjrt/1.6.8/aspectjrt-1.6.8.jar:/home/daniel/.m2/repository/org/aspectj/aspectjweaver/1.6.8/aspectjweaver-1.6.8.jar:/home/daniel/.m2/repository/org/rxtx/rxtx/2.1.7/rxtx-2.1.7.jar:/home/daniel/.m2/repository/org/rxtx/rxtx-native/2.1.7/rxtx-native-2.1.7-linux.jar:/home/daniel/.m2/repository/org/rxtx/rxtx-native/2.1.7/rxtx-native-2.1.7-windows.jar:/home/daniel/.m2/repository/org/springframework/spring-test/3.0.2.RELEASE/spring-test-3.0.2.RELEASE.jar:/home/daniel/.m2/repository/junit/junit/4.8.1/junit-4.8.1.jar:"/>
    <property name="java.vm.specification.version" value="1.0"/>
    <property name="sun.arch.data.model" value="32"/>
    <property name="java.home" value="/usr/lib/jvm/java-6-sun-1.6.0.20/jre"/>
    <property name="java.specification.vendor" value="Sun Microsystems Inc."/>
    <property name="user.language" value="en"/>
    <property name="java.vm.info" value="mixed mode"/>
    <property name="java.version" value="1.6.0_20"/>
    <property name="java.ext.dirs" value="/usr/lib/jvm/java-6-sun-1.6.0.20/jre/lib/ext:/usr/java/packages/lib/ext"/>
    <property name="sun.boot.class.path" value="/usr/lib/jvm/java-6-sun-1.6.0.20/jre/lib/resources.jar:/usr/lib/jvm/java-6-sun-1.6.0.20/jre/lib/rt.jar:/usr/lib/jvm/java-6-sun-1.6.0.20/jre/lib/sunrsasign.jar:/usr/lib/jvm/java-6-sun-1.6.0.20/jre/lib/jsse.jar:/usr/lib/jvm/java-6-sun-1.6.0.20/jre/lib/jce.jar:/usr/lib/jvm/java-6-sun-1.6.0.20/jre/lib/charsets.jar:/usr/lib/jvm/java-6-sun-1.6.0.20/jre/classes"/>
    <property name="java.vendor" value="Sun Microsystems Inc."/>
    <property name="localRepository" value="/home/daniel/.m2/repository"/>
    <property name="file.separator" value="/"/>
    <property name="java.vendor.url.bug" value="http://java.sun.com/cgi-bin/bugreport.cgi"/>
    <property name="sun.cpu.endian" value="little"/>
    <property name="sun.io.unicode.encoding" value="UnicodeLittle"/>
    <property name="sun.desktop" value="gnome"/>
    <property name="sun.cpu.isalist" value=""/>
  </properties>
  <testcase time="1.401" classname="com.kamakura.datalogger.i18n.MessageResourceUtilTest" name="testGetMessage"/>
</testsuite>